[18-Sep-2018 17:39:16 UTC] PHP Parse error:  syntax error, unexpected '++' (T_INC), expecting ')' in /home/ubuntu/workspace/cst352/practice/arrays.php on line 37
[18-Sep-2018 17:52:15 UTC] PHP Parse error:  syntax error, unexpected '}' in /home/ubuntu/workspace/cst352/practice/arrays.php on line 62
[18-Sep-2018 17:52:31 UTC] PHP Warning:  Missing argument 1 for display_random_element(), called in /home/ubuntu/workspace/cst352/practice/arrays.php on line 34 and defined in /home/ubuntu/workspace/cst352/practice/arrays.php on line 47
[18-Sep-2018 17:52:31 UTC] PHP Stack trace:
[18-Sep-2018 17:52:31 UTC] PHP   1. {main}() /home/ubuntu/workspace/cst352/practice/arrays.php:0
[18-Sep-2018 17:52:31 UTC] PHP   2. display_random_element() /home/ubuntu/workspace/cst352/practice/arrays.php:34
[18-Sep-2018 17:52:31 UTC] PHP Warning:  Missing argument 2 for display_random_element(), called in /home/ubuntu/workspace/cst352/practice/arrays.php on line 34 and defined in /home/ubuntu/workspace/cst352/practice/arrays.php on line 47
[18-Sep-2018 17:52:31 UTC] PHP Stack trace:
[18-Sep-2018 17:52:31 UTC] PHP   1. {main}() /home/ubuntu/workspace/cst352/practice/arrays.php:0
[18-Sep-2018 17:52:31 UTC] PHP   2. display_random_element() /home/ubuntu/workspace/cst352/practice/arrays.php:34
[18-Sep-2018 17:55:24 UTC] PHP Warning:  Missing argument 1 for display_random_element(), called in /home/ubuntu/workspace/cst352/practice/arrays.php on line 34 and defined in /home/ubuntu/workspace/cst352/practice/arrays.php on line 47
[18-Sep-2018 17:55:24 UTC] PHP Stack trace:
[18-Sep-2018 17:55:24 UTC] PHP   1. {main}() /home/ubuntu/workspace/cst352/practice/arrays.php:0
[18-Sep-2018 17:55:24 UTC] PHP   2. display_random_element() /home/ubuntu/workspace/cst352/practice/arrays.php:34
[18-Sep-2018 17:55:24 UTC] PHP Warning:  Missing argument 2 for display_random_element(), called in /home/ubuntu/workspace/cst352/practice/arrays.php on line 34 and defined in /home/ubuntu/workspace/cst352/practice/arrays.php on line 47
[18-Sep-2018 17:55:24 UTC] PHP Stack trace:
[18-Sep-2018 17:55:24 UTC] PHP   1. {main}() /home/ubuntu/workspace/cst352/practice/arrays.php:0
[18-Sep-2018 17:55:24 UTC] PHP   2. display_random_element() /home/ubuntu/workspace/cst352/practice/arrays.php:34
[18-Sep-2018 17:56:55 UTC] PHP Warning:  Missing argument 1 for display_random_element(), called in /home/ubuntu/workspace/cst352/practice/arrays.php on line 34 and defined in /home/ubuntu/workspace/cst352/practice/arrays.php on line 47
[18-Sep-2018 17:56:55 UTC] PHP Stack trace:
[18-Sep-2018 17:56:55 UTC] PHP   1. {main}() /home/ubuntu/workspace/cst352/practice/arrays.php:0
[18-Sep-2018 17:56:55 UTC] PHP   2. display_random_element() /home/ubuntu/workspace/cst352/practice/arrays.php:34
[18-Sep-2018 17:56:55 UTC] PHP Warning:  Missing argument 2 for display_random_element(), called in /home/ubuntu/workspace/cst352/practice/arrays.php on line 34 and defined in /home/ubuntu/workspace/cst352/practice/arrays.php on line 47
[18-Sep-2018 17:56:55 UTC] PHP Stack trace:
[18-Sep-2018 17:56:55 UTC] PHP   1. {main}() /home/ubuntu/workspace/cst352/practice/arrays.php:0
[18-Sep-2018 17:56:55 UTC] PHP   2. display_random_element() /home/ubuntu/workspace/cst352/practice/arrays.php:34
[18-Sep-2018 17:56:57 UTC] PHP Warning:  Missing argument 1 for display_random_element(), called in /home/ubuntu/workspace/cst352/practice/arrays.php on line 34 and defined in /home/ubuntu/workspace/cst352/practice/arrays.php on line 47
[18-Sep-2018 17:56:57 UTC] PHP Stack trace:
[18-Sep-2018 17:56:57 UTC] PHP   1. {main}() /home/ubuntu/workspace/cst352/practice/arrays.php:0
[18-Sep-2018 17:56:57 UTC] PHP   2. display_random_element() /home/ubuntu/workspace/cst352/practice/arrays.php:34
[18-Sep-2018 17:56:57 UTC] PHP Warning:  Missing argument 2 for display_random_element(), called in /home/ubuntu/workspace/cst352/practice/arrays.php on line 34 and defined in /home/ubuntu/workspace/cst352/practice/arrays.php on line 47
[18-Sep-2018 17:56:57 UTC] PHP Stack trace:
[18-Sep-2018 17:56:57 UTC] PHP   1. {main}() /home/ubuntu/workspace/cst352/practice/arrays.php:0
[18-Sep-2018 17:56:57 UTC] PHP   2. display_random_element() /home/ubuntu/workspace/cst352/practice/arrays.php:34
[18-Sep-2018 17:56:58 UTC] PHP Warning:  Missing argument 1 for display_random_element(), called in /home/ubuntu/workspace/cst352/practice/arrays.php on line 34 and defined in /home/ubuntu/workspace/cst352/practice/arrays.php on line 47
[18-Sep-2018 17:56:58 UTC] PHP Stack trace:
[18-Sep-2018 17:56:58 UTC] PHP   1. {main}() /home/ubuntu/workspace/cst352/practice/arrays.php:0
[18-Sep-2018 17:56:58 UTC] PHP   2. display_random_element() /home/ubuntu/workspace/cst352/practice/arrays.php:34
[18-Sep-2018 17:56:58 UTC] PHP Warning:  Missing argument 2 for display_random_element(), called in /home/ubuntu/workspace/cst352/practice/arrays.php on line 34 and defined in /home/ubuntu/workspace/cst352/practice/arrays.php on line 47
[18-Sep-2018 17:56:58 UTC] PHP Stack trace:
[18-Sep-2018 17:56:58 UTC] PHP   1. {main}() /home/ubuntu/workspace/cst352/practice/arrays.php:0
[18-Sep-2018 17:56:58 UTC] PHP   2. display_random_element() /home/ubuntu/workspace/cst352/practice/arrays.php:34
[18-Sep-2018 17:56:59 UTC] PHP Warning:  Missing argument 1 for display_random_element(), called in /home/ubuntu/workspace/cst352/practice/arrays.php on line 34 and defined in /home/ubuntu/workspace/cst352/practice/arrays.php on line 47
[18-Sep-2018 17:56:59 UTC] PHP Stack trace:
[18-Sep-2018 17:56:59 UTC] PHP   1. {main}() /home/ubuntu/workspace/cst352/practice/arrays.php:0
[18-Sep-2018 17:56:59 UTC] PHP   2. display_random_element() /home/ubuntu/workspace/cst352/practice/arrays.php:34
[18-Sep-2018 17:56:59 UTC] PHP Warning:  Missing argument 2 for display_random_element(), called in /home/ubuntu/workspace/cst352/practice/arrays.php on line 34 and defined in /home/ubuntu/workspace/cst352/practice/arrays.php on line 47
[18-Sep-2018 17:56:59 UTC] PHP Stack trace:
[18-Sep-2018 17:56:59 UTC] PHP   1. {main}() /home/ubuntu/workspace/cst352/practice/arrays.php:0
[18-Sep-2018 17:56:59 UTC] PHP   2. display_random_element() /home/ubuntu/workspace/cst352/practice/arrays.php:34
[18-Sep-2018 17:57:00 UTC] PHP Warning:  Missing argument 1 for display_random_element(), called in /home/ubuntu/workspace/cst352/practice/arrays.php on line 34 and defined in /home/ubuntu/workspace/cst352/practice/arrays.php on line 47
[18-Sep-2018 17:57:00 UTC] PHP Stack trace:
[18-Sep-2018 17:57:00 UTC] PHP   1. {main}() /home/ubuntu/workspace/cst352/practice/arrays.php:0
[18-Sep-2018 17:57:00 UTC] PHP   2. display_random_element() /home/ubuntu/workspace/cst352/practice/arrays.php:34
[18-Sep-2018 17:57:00 UTC] PHP Warning:  Missing argument 2 for display_random_element(), called in /home/ubuntu/workspace/cst352/practice/arrays.php on line 34 and defined in /home/ubuntu/workspace/cst352/practice/arrays.php on line 47
[18-Sep-2018 17:57:00 UTC] PHP Stack trace:
[18-Sep-2018 17:57:00 UTC] PHP   1. {main}() /home/ubuntu/workspace/cst352/practice/arrays.php:0
[18-Sep-2018 17:57:00 UTC] PHP   2. display_random_element() /home/ubuntu/workspace/cst352/practice/arrays.php:34
[18-Sep-2018 17:57:00 UTC] PHP Warning:  Missing argument 1 for display_random_element(), called in /home/ubuntu/workspace/cst352/practice/arrays.php on line 34 and defined in /home/ubuntu/workspace/cst352/practice/arrays.php on line 47
[18-Sep-2018 17:57:00 UTC] PHP Stack trace:
[18-Sep-2018 17:57:00 UTC] PHP   1. {main}() /home/ubuntu/workspace/cst352/practice/arrays.php:0
[18-Sep-2018 17:57:00 UTC] PHP   2. display_random_element() /home/ubuntu/workspace/cst352/practice/arrays.php:34
[18-Sep-2018 17:57:00 UTC] PHP Warning:  Missing argument 2 for display_random_element(), called in /home/ubuntu/workspace/cst352/practice/arrays.php on line 34 and defined in /home/ubuntu/workspace/cst352/practice/arrays.php on line 47
[18-Sep-2018 17:57:00 UTC] PHP Stack trace:
[18-Sep-2018 17:57:00 UTC] PHP   1. {main}() /home/ubuntu/workspace/cst352/practice/arrays.php:0
[18-Sep-2018 17:57:00 UTC] PHP   2. display_random_element() /home/ubuntu/workspace/cst352/practice/arrays.php:34
[18-Sep-2018 17:57:02 UTC] PHP Warning:  Missing argument 1 for display_random_element(), called in /home/ubuntu/workspace/cst352/practice/arrays.php on line 34 and defined in /home/ubuntu/workspace/cst352/practice/arrays.php on line 47
[18-Sep-2018 17:57:02 UTC] PHP Stack trace:
[18-Sep-2018 17:57:02 UTC] PHP   1. {main}() /home/ubuntu/workspace/cst352/practice/arrays.php:0
[18-Sep-2018 17:57:02 UTC] PHP   2. display_random_element() /home/ubuntu/workspace/cst352/practice/arrays.php:34
[18-Sep-2018 17:57:02 UTC] PHP Warning:  Missing argument 2 for display_random_element(), called in /home/ubuntu/workspace/cst352/practice/arrays.php on line 34 and defined in /home/ubuntu/workspace/cst352/practice/arrays.php on line 47
[18-Sep-2018 17:57:02 UTC] PHP Stack trace:
[18-Sep-2018 17:57:02 UTC] PHP   1. {main}() /home/ubuntu/workspace/cst352/practice/arrays.php:0
[18-Sep-2018 17:57:02 UTC] PHP   2. display_random_element() /home/ubuntu/workspace/cst352/practice/arrays.php:34
[18-Sep-2018 17:57:45 UTC] PHP Warning:  Missing argument 1 for display_random_element(), called in /home/ubuntu/workspace/cst352/practice/arrays.php on line 34 and defined in /home/ubuntu/workspace/cst352/practice/arrays.php on line 36
[18-Sep-2018 17:57:45 UTC] PHP Stack trace:
[18-Sep-2018 17:57:45 UTC] PHP   1. {main}() /home/ubuntu/workspace/cst352/practice/arrays.php:0
[18-Sep-2018 17:57:45 UTC] PHP   2. display_random_element() /home/ubuntu/workspace/cst352/practice/arrays.php:34
[18-Sep-2018 17:57:45 UTC] PHP Warning:  Missing argument 2 for display_random_element(), called in /home/ubuntu/workspace/cst352/practice/arrays.php on line 34 and defined in /home/ubuntu/workspace/cst352/practice/arrays.php on line 36
[18-Sep-2018 17:57:45 UTC] PHP Stack trace:
[18-Sep-2018 17:57:45 UTC] PHP   1. {main}() /home/ubuntu/workspace/cst352/practice/arrays.php:0
[18-Sep-2018 17:57:45 UTC] PHP   2. display_random_element() /home/ubuntu/workspace/cst352/practice/arrays.php:34
[18-Sep-2018 17:57:54 UTC] PHP Warning:  Missing argument 1 for display_random_element(), called in /home/ubuntu/workspace/cst352/practice/arrays.php on line 34 and defined in /home/ubuntu/workspace/cst352/practice/arrays.php on line 36
[18-Sep-2018 17:57:54 UTC] PHP Stack trace:
[18-Sep-2018 17:57:54 UTC] PHP   1. {main}() /home/ubuntu/workspace/cst352/practice/arrays.php:0
[18-Sep-2018 17:57:54 UTC] PHP   2. display_random_element() /home/ubuntu/workspace/cst352/practice/arrays.php:34
[18-Sep-2018 17:57:54 UTC] PHP Warning:  Missing argument 2 for display_random_element(), called in /home/ubuntu/workspace/cst352/practice/arrays.php on line 34 and defined in /home/ubuntu/workspace/cst352/practice/arrays.php on line 36
[18-Sep-2018 17:57:54 UTC] PHP Stack trace:
[18-Sep-2018 17:57:54 UTC] PHP   1. {main}() /home/ubuntu/workspace/cst352/practice/arrays.php:0
[18-Sep-2018 17:57:54 UTC] PHP   2. display_random_element() /home/ubuntu/workspace/cst352/practice/arrays.php:34
[18-Sep-2018 18:05:59 UTC] PHP Warning:  ucfirst() expects parameter 1 to be string, array given in /home/ubuntu/workspace/cst352/practice/arrays.php on line 45
[18-Sep-2018 18:05:59 UTC] PHP Stack trace:
[18-Sep-2018 18:05:59 UTC] PHP   1. {main}() /home/ubuntu/workspace/cst352/practice/arrays.php:0
[18-Sep-2018 18:05:59 UTC] PHP   2. display_random_element() /home/ubuntu/workspace/cst352/practice/arrays.php:34
[18-Sep-2018 18:05:59 UTC] PHP   3. ucfirst() /home/ubuntu/workspace/cst352/practice/arrays.php:45
[18-Sep-2018 18:07:20 UTC] PHP Warning:  ucfirst() expects parameter 1 to be string, array given in /home/ubuntu/workspace/cst352/practice/arrays.php on line 45
[18-Sep-2018 18:07:20 UTC] PHP Stack trace:
[18-Sep-2018 18:07:20 UTC] PHP   1. {main}() /home/ubuntu/workspace/cst352/practice/arrays.php:0
[18-Sep-2018 18:07:20 UTC] PHP   2. display_random_element() /home/ubuntu/workspace/cst352/practice/arrays.php:34
[18-Sep-2018 18:07:20 UTC] PHP   3. ucfirst() /home/ubuntu/workspace/cst352/practice/arrays.php:45
[18-Sep-2018 18:07:22 UTC] PHP Warning:  ucfirst() expects parameter 1 to be string, array given in /home/ubuntu/workspace/cst352/practice/arrays.php on line 45
[18-Sep-2018 18:07:22 UTC] PHP Stack trace:
[18-Sep-2018 18:07:22 UTC] PHP   1. {main}() /home/ubuntu/workspace/cst352/practice/arrays.php:0
[18-Sep-2018 18:07:22 UTC] PHP   2. display_random_element() /home/ubuntu/workspace/cst352/practice/arrays.php:34
[18-Sep-2018 18:07:22 UTC] PHP   3. ucfirst() /home/ubuntu/workspace/cst352/practice/arrays.php:45
[18-Sep-2018 18:07:40 UTC] PHP Warning:  ucfirst() expects parameter 1 to be string, array given in /home/ubuntu/workspace/cst352/practice/arrays.php on line 45
[18-Sep-2018 18:07:40 UTC] PHP Stack trace:
[18-Sep-2018 18:07:40 UTC] PHP   1. {main}() /home/ubuntu/workspace/cst352/practice/arrays.php:0
[18-Sep-2018 18:07:40 UTC] PHP   2. display_random_element() /home/ubuntu/workspace/cst352/practice/arrays.php:34
[18-Sep-2018 18:07:40 UTC] PHP   3. ucfirst() /home/ubuntu/workspace/cst352/practice/arrays.php:45
[18-Sep-2018 18:07:42 UTC] PHP Warning:  ucfirst() expects parameter 1 to be string, array given in /home/ubuntu/workspace/cst352/practice/arrays.php on line 45
[18-Sep-2018 18:07:42 UTC] PHP Stack trace:
[18-Sep-2018 18:07:42 UTC] PHP   1. {main}() /home/ubuntu/workspace/cst352/practice/arrays.php:0
[18-Sep-2018 18:07:42 UTC] PHP   2. display_random_element() /home/ubuntu/workspace/cst352/practice/arrays.php:34
[18-Sep-2018 18:07:42 UTC] PHP   3. ucfirst() /home/ubuntu/workspace/cst352/practice/arrays.php:45
[18-Sep-2018 18:08:01 UTC] PHP Warning:  ucfirst() expects parameter 1 to be string, array given in /home/ubuntu/workspace/cst352/practice/arrays.php on line 45
[18-Sep-2018 18:08:01 UTC] PHP Stack trace:
[18-Sep-2018 18:08:01 UTC] PHP   1. {main}() /home/ubuntu/workspace/cst352/practice/arrays.php:0
[18-Sep-2018 18:08:01 UTC] PHP   2. display_random_element() /home/ubuntu/workspace/cst352/practice/arrays.php:34
[18-Sep-2018 18:08:01 UTC] PHP   3. ucfirst() /home/ubuntu/workspace/cst352/practice/arrays.php:45
[18-Sep-2018 18:08:03 UTC] PHP Warning:  ucfirst() expects parameter 1 to be string, array given in /home/ubuntu/workspace/cst352/practice/arrays.php on line 45
[18-Sep-2018 18:08:03 UTC] PHP Stack trace:
[18-Sep-2018 18:08:03 UTC] PHP   1. {main}() /home/ubuntu/workspace/cst352/practice/arrays.php:0
[18-Sep-2018 18:08:03 UTC] PHP   2. display_random_element() /home/ubuntu/workspace/cst352/practice/arrays.php:34
[18-Sep-2018 18:08:03 UTC] PHP   3. ucfirst() /home/ubuntu/workspace/cst352/practice/arrays.php:45
[18-Sep-2018 18:08:13 UTC] PHP Warning:  ucfirst() expects parameter 1 to be string, array given in /home/ubuntu/workspace/cst352/practice/arrays.php on line 45
[18-Sep-2018 18:08:13 UTC] PHP Stack trace:
[18-Sep-2018 18:08:13 UTC] PHP   1. {main}() /home/ubuntu/workspace/cst352/practice/arrays.php:0
[18-Sep-2018 18:08:13 UTC] PHP   2. display_random_element() /home/ubuntu/workspace/cst352/practice/arrays.php:34
[18-Sep-2018 18:08:13 UTC] PHP   3. ucfirst() /home/ubuntu/workspace/cst352/practice/arrays.php:45
[18-Sep-2018 18:08:15 UTC] PHP Warning:  ucfirst() expects parameter 1 to be string, array given in /home/ubuntu/workspace/cst352/practice/arrays.php on line 45
[18-Sep-2018 18:08:15 UTC] PHP Stack trace:
[18-Sep-2018 18:08:15 UTC] PHP   1. {main}() /home/ubuntu/workspace/cst352/practice/arrays.php:0
[18-Sep-2018 18:08:15 UTC] PHP   2. display_random_element() /home/ubuntu/workspace/cst352/practice/arrays.php:34
[18-Sep-2018 18:08:15 UTC] PHP   3. ucfirst() /home/ubuntu/workspace/cst352/practice/arrays.php:45
[18-Sep-2018 18:08:28 UTC] PHP Warning:  ucfirst() expects parameter 1 to be string, array given in /home/ubuntu/workspace/cst352/practice/arrays.php on line 45
[18-Sep-2018 18:08:28 UTC] PHP Stack trace:
[18-Sep-2018 18:08:28 UTC] PHP   1. {main}() /home/ubuntu/workspace/cst352/practice/arrays.php:0
[18-Sep-2018 18:08:28 UTC] PHP   2. display_random_element() /home/ubuntu/workspace/cst352/practice/arrays.php:34
[18-Sep-2018 18:08:28 UTC] PHP   3. ucfirst() /home/ubuntu/workspace/cst352/practice/arrays.php:45
[18-Sep-2018 18:08:38 UTC] PHP Warning:  ucfirst() expects parameter 1 to be string, array given in /home/ubuntu/workspace/cst352/practice/arrays.php on line 45
[18-Sep-2018 18:08:38 UTC] PHP Stack trace:
[18-Sep-2018 18:08:38 UTC] PHP   1. {main}() /home/ubuntu/workspace/cst352/practice/arrays.php:0
[18-Sep-2018 18:08:38 UTC] PHP   2. display_random_element() /home/ubuntu/workspace/cst352/practice/arrays.php:34
[18-Sep-2018 18:08:38 UTC] PHP   3. ucfirst() /home/ubuntu/workspace/cst352/practice/arrays.php:45
[18-Sep-2018 18:08:53 UTC] PHP Warning:  ucfirst() expects parameter 1 to be string, array given in /home/ubuntu/workspace/cst352/practice/arrays.php on line 45
[18-Sep-2018 18:08:53 UTC] PHP Stack trace:
[18-Sep-2018 18:08:53 UTC] PHP   1. {main}() /home/ubuntu/workspace/cst352/practice/arrays.php:0
[18-Sep-2018 18:08:53 UTC] PHP   2. display_random_element() /home/ubuntu/workspace/cst352/practice/arrays.php:34
[18-Sep-2018 18:08:53 UTC] PHP   3. ucfirst() /home/ubuntu/workspace/cst352/practice/arrays.php:45
[18-Sep-2018 18:09:09 UTC] PHP Warning:  ucfirst() expects parameter 1 to be string, array given in /home/ubuntu/workspace/cst352/practice/arrays.php on line 45
[18-Sep-2018 18:09:09 UTC] PHP Stack trace:
[18-Sep-2018 18:09:09 UTC] PHP   1. {main}() /home/ubuntu/workspace/cst352/practice/arrays.php:0
[18-Sep-2018 18:09:09 UTC] PHP   2. display_random_element() /home/ubuntu/workspace/cst352/practice/arrays.php:34
[18-Sep-2018 18:09:09 UTC] PHP   3. ucfirst() /home/ubuntu/workspace/cst352/practice/arrays.php:45
[18-Sep-2018 18:09:56 UTC] PHP Warning:  ucfirst() expects parameter 1 to be string, array given in /home/ubuntu/workspace/cst352/practice/arrays.php on line 46
[18-Sep-2018 18:09:56 UTC] PHP Stack trace:
[18-Sep-2018 18:09:56 UTC] PHP   1. {main}() /home/ubuntu/workspace/cst352/practice/arrays.php:0
[18-Sep-2018 18:09:56 UTC] PHP   2. display_random_element() /home/ubuntu/workspace/cst352/practice/arrays.php:34
[18-Sep-2018 18:09:56 UTC] PHP   3. ucfirst() /home/ubuntu/workspace/cst352/practice/arrays.php:46
[18-Sep-2018 18:10:00 UTC] PHP Warning:  ucfirst() expects parameter 1 to be string, array given in /home/ubuntu/workspace/cst352/practice/arrays.php on line 46
[18-Sep-2018 18:10:00 UTC] PHP Stack trace:
[18-Sep-2018 18:10:00 UTC] PHP   1. {main}() /home/ubuntu/workspace/cst352/practice/arrays.php:0
[18-Sep-2018 18:10:00 UTC] PHP   2. display_random_element() /home/ubuntu/workspace/cst352/practice/arrays.php:34
[18-Sep-2018 18:10:00 UTC] PHP   3. ucfirst() /home/ubuntu/workspace/cst352/practice/arrays.php:46
[18-Sep-2018 18:10:00 UTC] PHP Warning:  ucfirst() expects parameter 1 to be string, array given in /home/ubuntu/workspace/cst352/practice/arrays.php on line 46
[18-Sep-2018 18:10:00 UTC] PHP Stack trace:
[18-Sep-2018 18:10:00 UTC] PHP   1. {main}() /home/ubuntu/workspace/cst352/practice/arrays.php:0
[18-Sep-2018 18:10:00 UTC] PHP   2. display_random_element() /home/ubuntu/workspace/cst352/practice/arrays.php:34
[18-Sep-2018 18:10:00 UTC] PHP   3. ucfirst() /home/ubuntu/workspace/cst352/practice/arrays.php:46
[18-Sep-2018 18:10:36 UTC] PHP Warning:  ucfirst() expects parameter 1 to be string, array given in /home/ubuntu/workspace/cst352/practice/arrays.php on line 46
[18-Sep-2018 18:10:36 UTC] PHP Stack trace:
[18-Sep-2018 18:10:36 UTC] PHP   1. {main}() /home/ubuntu/workspace/cst352/practice/arrays.php:0
[18-Sep-2018 18:10:36 UTC] PHP   2. display_random_element() /home/ubuntu/workspace/cst352/practice/arrays.php:34
[18-Sep-2018 18:10:36 UTC] PHP   3. ucfirst() /home/ubuntu/workspace/cst352/practice/arrays.php:46
[18-Sep-2018 18:10:53 UTC] PHP Warning:  ucfirst() expects parameter 1 to be string, array given in /home/ubuntu/workspace/cst352/practice/arrays.php on line 46
[18-Sep-2018 18:10:53 UTC] PHP Stack trace:
[18-Sep-2018 18:10:53 UTC] PHP   1. {main}() /home/ubuntu/workspace/cst352/practice/arrays.php:0
[18-Sep-2018 18:10:53 UTC] PHP   2. display_random_element() /home/ubuntu/workspace/cst352/practice/arrays.php:34
[18-Sep-2018 18:10:53 UTC] PHP   3. ucfirst() /home/ubuntu/workspace/cst352/practice/arrays.php:46
[18-Sep-2018 18:11:40 UTC] PHP Parse error:  syntax error, unexpected '<' in /home/ubuntu/workspace/cst352/practice/arrays.php on line 48
[18-Sep-2018 18:11:49 UTC] PHP Warning:  ucfirst() expects parameter 1 to be string, array given in /home/ubuntu/workspace/cst352/practice/arrays.php on line 46
[18-Sep-2018 18:11:49 UTC] PHP Stack trace:
[18-Sep-2018 18:11:49 UTC] PHP   1. {main}() /home/ubuntu/workspace/cst352/practice/arrays.php:0
[18-Sep-2018 18:11:49 UTC] PHP   2. display_random_element() /home/ubuntu/workspace/cst352/practice/arrays.php:34
[18-Sep-2018 18:11:49 UTC] PHP   3. ucfirst() /home/ubuntu/workspace/cst352/practice/arrays.php:46
[18-Sep-2018 18:11:50 UTC] PHP Warning:  ucfirst() expects parameter 1 to be string, array given in /home/ubuntu/workspace/cst352/practice/arrays.php on line 46
[18-Sep-2018 18:11:50 UTC] PHP Stack trace:
[18-Sep-2018 18:11:50 UTC] PHP   1. {main}() /home/ubuntu/workspace/cst352/practice/arrays.php:0
[18-Sep-2018 18:11:50 UTC] PHP   2. display_random_element() /home/ubuntu/workspace/cst352/practice/arrays.php:34
[18-Sep-2018 18:11:50 UTC] PHP   3. ucfirst() /home/ubuntu/workspace/cst352/practice/arrays.php:46
[18-Sep-2018 18:12:22 UTC] PHP Warning:  ucfirst() expects parameter 1 to be string, array given in /home/ubuntu/workspace/cst352/practice/arrays.php on line 46
[18-Sep-2018 18:12:22 UTC] PHP Stack trace:
[18-Sep-2018 18:12:22 UTC] PHP   1. {main}() /home/ubuntu/workspace/cst352/practice/arrays.php:0
[18-Sep-2018 18:12:22 UTC] PHP   2. display_random_element() /home/ubuntu/workspace/cst352/practice/arrays.php:34
[18-Sep-2018 18:12:22 UTC] PHP   3. ucfirst() /home/ubuntu/workspace/cst352/practice/arrays.php:46
[18-Sep-2018 18:12:23 UTC] PHP Warning:  ucfirst() expects parameter 1 to be string, array given in /home/ubuntu/workspace/cst352/practice/arrays.php on line 46
[18-Sep-2018 18:12:23 UTC] PHP Stack trace:
[18-Sep-2018 18:12:23 UTC] PHP   1. {main}() /home/ubuntu/workspace/cst352/practice/arrays.php:0
[18-Sep-2018 18:12:23 UTC] PHP   2. display_random_element() /home/ubuntu/workspace/cst352/practice/arrays.php:34
[18-Sep-2018 18:12:23 UTC] PHP   3. ucfirst() /home/ubuntu/workspace/cst352/practice/arrays.php:46
[18-Sep-2018 18:12:54 UTC] PHP Warning:  ucfirst() expects parameter 1 to be string, array given in /home/ubuntu/workspace/cst352/practice/arrays.php on line 46
[18-Sep-2018 18:12:54 UTC] PHP Stack trace:
[18-Sep-2018 18:12:54 UTC] PHP   1. {main}() /home/ubuntu/workspace/cst352/practice/arrays.php:0
[18-Sep-2018 18:12:54 UTC] PHP   2. display_random_element() /home/ubuntu/workspace/cst352/practice/arrays.php:34
[18-Sep-2018 18:12:54 UTC] PHP   3. ucfirst() /home/ubuntu/workspace/cst352/practice/arrays.php:46
[18-Sep-2018 18:12:56 UTC] PHP Warning:  ucfirst() expects parameter 1 to be string, array given in /home/ubuntu/workspace/cst352/practice/arrays.php on line 46
[18-Sep-2018 18:12:56 UTC] PHP Stack trace:
[18-Sep-2018 18:12:56 UTC] PHP   1. {main}() /home/ubuntu/workspace/cst352/practice/arrays.php:0
[18-Sep-2018 18:12:56 UTC] PHP   2. display_random_element() /home/ubuntu/workspace/cst352/practice/arrays.php:34
[18-Sep-2018 18:12:56 UTC] PHP   3. ucfirst() /home/ubuntu/workspace/cst352/practice/arrays.php:46
[18-Sep-2018 18:12:57 UTC] PHP Warning:  ucfirst() expects parameter 1 to be string, array given in /home/ubuntu/workspace/cst352/practice/arrays.php on line 46
[18-Sep-2018 18:12:57 UTC] PHP Stack trace:
[18-Sep-2018 18:12:57 UTC] PHP   1. {main}() /home/ubuntu/workspace/cst352/practice/arrays.php:0
[18-Sep-2018 18:12:57 UTC] PHP   2. display_random_element() /home/ubuntu/workspace/cst352/practice/arrays.php:34
[18-Sep-2018 18:12:57 UTC] PHP   3. ucfirst() /home/ubuntu/workspace/cst352/practice/arrays.php:46
[18-Sep-2018 18:12:58 UTC] PHP Warning:  ucfirst() expects parameter 1 to be string, array given in /home/ubuntu/workspace/cst352/practice/arrays.php on line 46
[18-Sep-2018 18:12:58 UTC] PHP Stack trace:
[18-Sep-2018 18:12:58 UTC] PHP   1. {main}() /home/ubuntu/workspace/cst352/practice/arrays.php:0
[18-Sep-2018 18:12:58 UTC] PHP   2. display_random_element() /home/ubuntu/workspace/cst352/practice/arrays.php:34
[18-Sep-2018 18:12:58 UTC] PHP   3. ucfirst() /home/ubuntu/workspace/cst352/practice/arrays.php:46
[18-Sep-2018 18:12:58 UTC] PHP Warning:  ucfirst() expects parameter 1 to be string, array given in /home/ubuntu/workspace/cst352/practice/arrays.php on line 46
[18-Sep-2018 18:12:58 UTC] PHP Stack trace:
[18-Sep-2018 18:12:58 UTC] PHP   1. {main}() /home/ubuntu/workspace/cst352/practice/arrays.php:0
[18-Sep-2018 18:12:58 UTC] PHP   2. display_random_element() /home/ubuntu/workspace/cst352/practice/arrays.php:34
[18-Sep-2018 18:12:58 UTC] PHP   3. ucfirst() /home/ubuntu/workspace/cst352/practice/arrays.php:46
[18-Sep-2018 18:12:59 UTC] PHP Warning:  ucfirst() expects parameter 1 to be string, array given in /home/ubuntu/workspace/cst352/practice/arrays.php on line 46
[18-Sep-2018 18:12:59 UTC] PHP Stack trace:
[18-Sep-2018 18:12:59 UTC] PHP   1. {main}() /home/ubuntu/workspace/cst352/practice/arrays.php:0
[18-Sep-2018 18:12:59 UTC] PHP   2. display_random_element() /home/ubuntu/workspace/cst352/practice/arrays.php:34
[18-Sep-2018 18:12:59 UTC] PHP   3. ucfirst() /home/ubuntu/workspace/cst352/practice/arrays.php:46
[18-Sep-2018 18:13:33 UTC] PHP Warning:  ucfirst() expects parameter 1 to be string, array given in /home/ubuntu/workspace/cst352/practice/arrays.php on line 46
[18-Sep-2018 18:13:33 UTC] PHP Stack trace:
[18-Sep-2018 18:13:33 UTC] PHP   1. {main}() /home/ubuntu/workspace/cst352/practice/arrays.php:0
[18-Sep-2018 18:13:33 UTC] PHP   2. display_random_element() /home/ubuntu/workspace/cst352/practice/arrays.php:34
[18-Sep-2018 18:13:33 UTC] PHP   3. ucfirst() /home/ubuntu/workspace/cst352/practice/arrays.php:46
[18-Sep-2018 18:16:47 UTC] PHP Parse error:  syntax error, unexpected 'echo' (T_ECHO) in /home/ubuntu/workspace/cst352/practice/arrays.php on line 44
