[25-Oct-2018 16:55:42 UTC] PHP Parse error:  syntax error, unexpected end of file in /home/ubuntu/workspace/cst352/exams/midterm/program1.php on line 76
[25-Oct-2018 16:56:31 UTC] PHP Parse error:  syntax error, unexpected end of file in /home/ubuntu/workspace/cst352/exams/midterm/program1.php on line 76
[25-Oct-2018 17:30:50 UTC] PHP Parse error:  syntax error, unexpected end of file in /home/ubuntu/workspace/cst352/exams/midterm/program1.php on line 147
[25-Oct-2018 17:32:35 UTC] PHP Warning:  include(/cst352/sqlConnection.php): failed to open stream: No such file or directory in /home/ubuntu/workspace/cst352/exams/midterm/program2.php on line 3
[25-Oct-2018 17:32:35 UTC] PHP Stack trace:
[25-Oct-2018 17:32:35 UTC] PHP   1. {main}() /home/ubuntu/workspace/cst352/exams/midterm/program2.php:0
[25-Oct-2018 17:32:35 UTC] PHP Warning:  include(): Failed opening '/cst352/sqlConnection.php' for inclusion (include_path='.:/usr/share/php:/usr/share/pear') in /home/ubuntu/workspace/cst352/exams/midterm/program2.php on line 3
[25-Oct-2018 17:32:35 UTC] PHP Stack trace:
[25-Oct-2018 17:32:35 UTC] PHP   1. {main}() /home/ubuntu/workspace/cst352/exams/midterm/program2.php:0
[25-Oct-2018 17:32:35 UTC] PHP Fatal error:  Call to undefined function getConnection() in /home/ubuntu/workspace/cst352/exams/midterm/program2.php on line 4
[25-Oct-2018 17:32:35 UTC] PHP Stack trace:
[25-Oct-2018 17:32:35 UTC] PHP   1. {main}() /home/ubuntu/workspace/cst352/exams/midterm/program2.php:0
[25-Oct-2018 17:39:01 UTC] PHP Warning:  include(/cst352/sqlConnection.php): failed to open stream: No such file or directory in /home/ubuntu/workspace/cst352/exams/midterm/program2.php on line 3
[25-Oct-2018 17:39:01 UTC] PHP Stack trace:
[25-Oct-2018 17:39:01 UTC] PHP   1. {main}() /home/ubuntu/workspace/cst352/exams/midterm/program2.php:0
[25-Oct-2018 17:39:01 UTC] PHP Warning:  include(): Failed opening '/cst352/sqlConnection.php' for inclusion (include_path='.:/usr/share/php:/usr/share/pear') in /home/ubuntu/workspace/cst352/exams/midterm/program2.php on line 3
[25-Oct-2018 17:39:01 UTC] PHP Stack trace:
[25-Oct-2018 17:39:01 UTC] PHP   1. {main}() /home/ubuntu/workspace/cst352/exams/midterm/program2.php:0
[25-Oct-2018 17:39:01 UTC] PHP Fatal error:  Call to undefined function getConnection() in /home/ubuntu/workspace/cst352/exams/midterm/program2.php on line 4
[25-Oct-2018 17:39:01 UTC] PHP Stack trace:
[25-Oct-2018 17:39:01 UTC] PHP   1. {main}() /home/ubuntu/workspace/cst352/exams/midterm/program2.php:0
[25-Oct-2018 17:45:01 UTC] PHP Warning:  include(/cst352/sqlConnection.php): failed to open stream: No such file or directory in /home/ubuntu/workspace/cst352/exams/midterm/program2.php on line 3
[25-Oct-2018 17:45:01 UTC] PHP Stack trace:
[25-Oct-2018 17:45:01 UTC] PHP   1. {main}() /home/ubuntu/workspace/cst352/exams/midterm/program2.php:0
[25-Oct-2018 17:45:01 UTC] PHP Warning:  include(): Failed opening '/cst352/sqlConnection.php' for inclusion (include_path='.:/usr/share/php:/usr/share/pear') in /home/ubuntu/workspace/cst352/exams/midterm/program2.php on line 3
[25-Oct-2018 17:45:01 UTC] PHP Stack trace:
[25-Oct-2018 17:45:01 UTC] PHP   1. {main}() /home/ubuntu/workspace/cst352/exams/midterm/program2.php:0
[25-Oct-2018 17:45:01 UTC] PHP Fatal error:  Call to undefined function getConnection() in /home/ubuntu/workspace/cst352/exams/midterm/program2.php on line 4
[25-Oct-2018 17:45:01 UTC] PHP Stack trace:
[25-Oct-2018 17:45:01 UTC] PHP   1. {main}() /home/ubuntu/workspace/cst352/exams/midterm/program2.php:0
[25-Oct-2018 17:45:21 UTC] PHP Warning:  include(/cst352/sqlConnection.php): failed to open stream: No such file or directory in /home/ubuntu/workspace/cst352/exams/midterm/program2.php on line 3
[25-Oct-2018 17:45:21 UTC] PHP Stack trace:
[25-Oct-2018 17:45:21 UTC] PHP   1. {main}() /home/ubuntu/workspace/cst352/exams/midterm/program2.php:0
[25-Oct-2018 17:45:21 UTC] PHP Warning:  include(): Failed opening '/cst352/sqlConnection.php' for inclusion (include_path='.:/usr/share/php:/usr/share/pear') in /home/ubuntu/workspace/cst352/exams/midterm/program2.php on line 3
[25-Oct-2018 17:45:21 UTC] PHP Stack trace:
[25-Oct-2018 17:45:21 UTC] PHP   1. {main}() /home/ubuntu/workspace/cst352/exams/midterm/program2.php:0
[25-Oct-2018 17:45:21 UTC] PHP Fatal error:  Call to undefined function getConnection() in /home/ubuntu/workspace/cst352/exams/midterm/program2.php on line 4
[25-Oct-2018 17:45:21 UTC] PHP Stack trace:
[25-Oct-2018 17:45:21 UTC] PHP   1. {main}() /home/ubuntu/workspace/cst352/exams/midterm/program2.php:0
[25-Oct-2018 17:45:22 UTC] PHP Warning:  include(/cst352/sqlConnection.php): failed to open stream: No such file or directory in /home/ubuntu/workspace/cst352/exams/midterm/program2.php on line 3
[25-Oct-2018 17:45:22 UTC] PHP Stack trace:
[25-Oct-2018 17:45:22 UTC] PHP   1. {main}() /home/ubuntu/workspace/cst352/exams/midterm/program2.php:0
[25-Oct-2018 17:45:22 UTC] PHP Warning:  include(): Failed opening '/cst352/sqlConnection.php' for inclusion (include_path='.:/usr/share/php:/usr/share/pear') in /home/ubuntu/workspace/cst352/exams/midterm/program2.php on line 3
[25-Oct-2018 17:45:22 UTC] PHP Stack trace:
[25-Oct-2018 17:45:22 UTC] PHP   1. {main}() /home/ubuntu/workspace/cst352/exams/midterm/program2.php:0
[25-Oct-2018 17:45:22 UTC] PHP Fatal error:  Call to undefined function getConnection() in /home/ubuntu/workspace/cst352/exams/midterm/program2.php on line 4
[25-Oct-2018 17:45:22 UTC] PHP Stack trace:
[25-Oct-2018 17:45:22 UTC] PHP   1. {main}() /home/ubuntu/workspace/cst352/exams/midterm/program2.php:0
[25-Oct-2018 17:45:32 UTC] PHP Warning:  include(/cst352/sqlConnection.php): failed to open stream: No such file or directory in /home/ubuntu/workspace/cst352/exams/midterm/program2.php on line 3
[25-Oct-2018 17:45:32 UTC] PHP Stack trace:
[25-Oct-2018 17:45:32 UTC] PHP   1. {main}() /home/ubuntu/workspace/cst352/exams/midterm/program2.php:0
[25-Oct-2018 17:45:32 UTC] PHP Warning:  include(): Failed opening '/cst352/sqlConnection.php' for inclusion (include_path='.:/usr/share/php:/usr/share/pear') in /home/ubuntu/workspace/cst352/exams/midterm/program2.php on line 3
[25-Oct-2018 17:45:32 UTC] PHP Stack trace:
[25-Oct-2018 17:45:32 UTC] PHP   1. {main}() /home/ubuntu/workspace/cst352/exams/midterm/program2.php:0
[25-Oct-2018 17:45:32 UTC] PHP Fatal error:  Call to undefined function getConnection() in /home/ubuntu/workspace/cst352/exams/midterm/program2.php on line 4
[25-Oct-2018 17:45:32 UTC] PHP Stack trace:
[25-Oct-2018 17:45:32 UTC] PHP   1. {main}() /home/ubuntu/workspace/cst352/exams/midterm/program2.php:0
[25-Oct-2018 17:46:04 UTC] PHP Warning:  include(/cst352/sqlConnection.php): failed to open stream: No such file or directory in /home/ubuntu/workspace/cst352/exams/midterm/program2.php on line 3
[25-Oct-2018 17:46:04 UTC] PHP Stack trace:
[25-Oct-2018 17:46:04 UTC] PHP   1. {main}() /home/ubuntu/workspace/cst352/exams/midterm/program2.php:0
[25-Oct-2018 17:46:04 UTC] PHP Warning:  include(): Failed opening '/cst352/sqlConnection.php' for inclusion (include_path='.:/usr/share/php:/usr/share/pear') in /home/ubuntu/workspace/cst352/exams/midterm/program2.php on line 3
[25-Oct-2018 17:46:04 UTC] PHP Stack trace:
[25-Oct-2018 17:46:04 UTC] PHP   1. {main}() /home/ubuntu/workspace/cst352/exams/midterm/program2.php:0
[25-Oct-2018 17:46:04 UTC] PHP Fatal error:  Call to undefined function getConnection() in /home/ubuntu/workspace/cst352/exams/midterm/program2.php on line 4
[25-Oct-2018 17:46:04 UTC] PHP Stack trace:
[25-Oct-2018 17:46:04 UTC] PHP   1. {main}() /home/ubuntu/workspace/cst352/exams/midterm/program2.php:0
[25-Oct-2018 17:48:06 UTC] PHP Fatal error:  Uncaught exception 'PDOException' with message 'SQLSTATE[42000]: Syntax error or access violation: 1064 You have an error in your SQL syntax; check the manual that corresponds to your MySQL server version for the right syntax to use near '\'l%\'' at line 1' in /home/ubuntu/workspace/cst352/exams/midterm/program2.php:9
Stack trace:
#0 /home/ubuntu/workspace/cst352/exams/midterm/program2.php(9): PDOStatement->execute()
#1 {main}
  thrown in /home/ubuntu/workspace/cst352/exams/midterm/program2.php on line 9
[25-Oct-2018 17:48:18 UTC] PHP Fatal error:  Uncaught exception 'PDOException' with message 'SQLSTATE[42000]: Syntax error or access violation: 1064 You have an error in your SQL syntax; check the manual that corresponds to your MySQL server version for the right syntax to use near '\'l%\'' at line 1' in /home/ubuntu/workspace/cst352/exams/midterm/program2.php:9
Stack trace:
#0 /home/ubuntu/workspace/cst352/exams/midterm/program2.php(9): PDOStatement->execute()
#1 {main}
  thrown in /home/ubuntu/workspace/cst352/exams/midterm/program2.php on line 9
[25-Oct-2018 17:51:24 UTC] PHP Fatal error:  Call to a member function prepare() on a non-object in /home/ubuntu/workspace/cst352/exams/midterm/program2.php on line 12
[25-Oct-2018 17:51:24 UTC] PHP Stack trace:
[25-Oct-2018 17:51:24 UTC] PHP   1. {main}() /home/ubuntu/workspace/cst352/exams/midterm/program2.php:0
[25-Oct-2018 17:51:24 UTC] PHP   2. displayQuote() /home/ubuntu/workspace/cst352/exams/midterm/program2.php:46
[25-Oct-2018 18:36:47 UTC] PHP Parse error:  syntax error, unexpected end of file in /home/ubuntu/workspace/cst352/exams/midterm/program2.php on line 92
[25-Oct-2018 18:37:10 UTC] PHP Fatal error:  Call to undefined function displayQuote() in /home/ubuntu/workspace/cst352/exams/midterm/program2.php on line 35
[25-Oct-2018 18:37:10 UTC] PHP Stack trace:
[25-Oct-2018 18:37:10 UTC] PHP   1. {main}() /home/ubuntu/workspace/cst352/exams/midterm/program2.php:0
