[04-Sep-2018 18:42:36 UTC] PHP Parse error:  syntax error, unexpected '<' in /home/ubuntu/workspace/cst352/labs/lab2/index.php on line 9
[06-Sep-2018 17:37:46 UTC] PHP Fatal error:  Call to undefined function displaySymbol() in /home/ubuntu/workspace/cst352/labs/lab2/index.php on line 11
[06-Sep-2018 17:37:46 UTC] PHP Stack trace:
[06-Sep-2018 17:37:46 UTC] PHP   1. {main}() /home/ubuntu/workspace/cst352/labs/lab2/index.php:0
[06-Sep-2018 17:38:02 UTC] PHP Fatal error:  Call to undefined function displaySymbol() in /home/ubuntu/workspace/cst352/labs/lab2/index.php on line 11
[06-Sep-2018 17:38:02 UTC] PHP Stack trace:
[06-Sep-2018 17:38:02 UTC] PHP   1. {main}() /home/ubuntu/workspace/cst352/labs/lab2/index.php:0
[06-Sep-2018 17:38:03 UTC] PHP Fatal error:  Call to undefined function displaySymbol() in /home/ubuntu/workspace/cst352/labs/lab2/index.php on line 11
[06-Sep-2018 17:38:03 UTC] PHP Stack trace:
[06-Sep-2018 17:38:03 UTC] PHP   1. {main}() /home/ubuntu/workspace/cst352/labs/lab2/index.php:0
[06-Sep-2018 17:38:05 UTC] PHP Fatal error:  Call to undefined function displaySymbol() in /home/ubuntu/workspace/cst352/labs/lab2/index.php on line 11
[06-Sep-2018 17:38:05 UTC] PHP Stack trace:
[06-Sep-2018 17:38:05 UTC] PHP   1. {main}() /home/ubuntu/workspace/cst352/labs/lab2/index.php:0
[06-Sep-2018 17:42:12 UTC] PHP Parse error:  syntax error, unexpected '=', expecting variable (T_VARIABLE) or '$' in /home/ubuntu/workspace/cst352/labs/lab2/index.php on line 10
[06-Sep-2018 17:48:01 UTC] PHP Parse error:  syntax error, unexpected end of file in /home/ubuntu/workspace/cst352/labs/lab2/index.php on line 46
[06-Sep-2018 17:48:51 UTC] PHP Parse error:  syntax error, unexpected end of file in /home/ubuntu/workspace/cst352/labs/lab2/index.php on line 46
[06-Sep-2018 17:49:15 UTC] PHP Parse error:  syntax error, unexpected end of file in /home/ubuntu/workspace/cst352/labs/lab2/index.php on line 46
[06-Sep-2018 17:49:16 UTC] PHP Parse error:  syntax error, unexpected end of file in /home/ubuntu/workspace/cst352/labs/lab2/index.php on line 46
[06-Sep-2018 17:49:51 UTC] PHP Parse error:  syntax error, unexpected end of file in /home/ubuntu/workspace/cst352/labs/lab2/index.php on line 46
[06-Sep-2018 17:50:26 UTC] PHP Fatal error:  Call to undefined function displaySymbol() in /home/ubuntu/workspace/cst352/labs/lab2/index.php on line 12
[06-Sep-2018 17:50:26 UTC] PHP Stack trace:
[06-Sep-2018 17:50:26 UTC] PHP   1. {main}() /home/ubuntu/workspace/cst352/labs/lab2/index.php:0
[06-Sep-2018 17:50:29 UTC] PHP Fatal error:  Call to undefined function displaySymbol() in /home/ubuntu/workspace/cst352/labs/lab2/index.php on line 12
[06-Sep-2018 17:50:29 UTC] PHP Stack trace:
[06-Sep-2018 17:50:29 UTC] PHP   1. {main}() /home/ubuntu/workspace/cst352/labs/lab2/index.php:0
[06-Sep-2018 18:18:34 UTC] PHP Parse error:  syntax error, unexpected '}' in /home/ubuntu/workspace/cst352/labs/lab2/index.php on line 27
[06-Sep-2018 18:19:12 UTC] PHP Parse error:  syntax error, unexpected '}' in /home/ubuntu/workspace/cst352/labs/lab2/index.php on line 27
[06-Sep-2018 18:19:14 UTC] PHP Parse error:  syntax error, unexpected '}' in /home/ubuntu/workspace/cst352/labs/lab2/index.php on line 27
[06-Sep-2018 18:19:24 UTC] PHP Fatal error:  Cannot redeclare displayPoints() (previously declared in /home/ubuntu/workspace/cst352/labs/lab2/inc/functions.php:24) in /home/ubuntu/workspace/cst352/labs/lab2/inc/functions.php on line 24
[06-Sep-2018 18:19:24 UTC] PHP Stack trace:
[06-Sep-2018 18:19:24 UTC] PHP   1. {main}() /home/ubuntu/workspace/cst352/labs/lab2/index.php:0
[06-Sep-2018 18:19:24 UTC] PHP   2. displaySymbol() /home/ubuntu/workspace/cst352/labs/lab2/index.php:13
[06-Sep-2018 18:19:26 UTC] PHP Fatal error:  Cannot redeclare displayPoints() (previously declared in /home/ubuntu/workspace/cst352/labs/lab2/inc/functions.php:24) in /home/ubuntu/workspace/cst352/labs/lab2/inc/functions.php on line 24
[06-Sep-2018 18:19:26 UTC] PHP Stack trace:
[06-Sep-2018 18:19:26 UTC] PHP   1. {main}() /home/ubuntu/workspace/cst352/labs/lab2/index.php:0
[06-Sep-2018 18:19:26 UTC] PHP   2. displaySymbol() /home/ubuntu/workspace/cst352/labs/lab2/index.php:13
[06-Sep-2018 18:19:27 UTC] PHP Fatal error:  Cannot redeclare displayPoints() (previously declared in /home/ubuntu/workspace/cst352/labs/lab2/inc/functions.php:24) in /home/ubuntu/workspace/cst352/labs/lab2/inc/functions.php on line 24
[06-Sep-2018 18:19:27 UTC] PHP Stack trace:
[06-Sep-2018 18:19:27 UTC] PHP   1. {main}() /home/ubuntu/workspace/cst352/labs/lab2/index.php:0
[06-Sep-2018 18:19:27 UTC] PHP   2. displaySymbol() /home/ubuntu/workspace/cst352/labs/lab2/index.php:13
[06-Sep-2018 18:19:27 UTC] PHP Fatal error:  Cannot redeclare displayPoints() (previously declared in /home/ubuntu/workspace/cst352/labs/lab2/inc/functions.php:24) in /home/ubuntu/workspace/cst352/labs/lab2/inc/functions.php on line 24
[06-Sep-2018 18:19:27 UTC] PHP Stack trace:
[06-Sep-2018 18:19:27 UTC] PHP   1. {main}() /home/ubuntu/workspace/cst352/labs/lab2/index.php:0
[06-Sep-2018 18:19:27 UTC] PHP   2. displaySymbol() /home/ubuntu/workspace/cst352/labs/lab2/index.php:13
[06-Sep-2018 18:19:28 UTC] PHP Fatal error:  Cannot redeclare displayPoints() (previously declared in /home/ubuntu/workspace/cst352/labs/lab2/inc/functions.php:24) in /home/ubuntu/workspace/cst352/labs/lab2/inc/functions.php on line 24
[06-Sep-2018 18:19:28 UTC] PHP Stack trace:
[06-Sep-2018 18:19:28 UTC] PHP   1. {main}() /home/ubuntu/workspace/cst352/labs/lab2/index.php:0
[06-Sep-2018 18:19:28 UTC] PHP   2. displaySymbol() /home/ubuntu/workspace/cst352/labs/lab2/index.php:13
[06-Sep-2018 18:44:52 UTC] PHP Parse error:  syntax error, unexpected end of file in /home/ubuntu/workspace/cst352/labs/lab2/inc/functions.php on line 54
[06-Sep-2018 18:44:52 UTC] PHP Stack trace:
[06-Sep-2018 18:44:52 UTC] PHP   1. {main}() /home/ubuntu/workspace/cst352/labs/lab2/index.php:0
